<?xml version="1.0" encoding="UTF-8"?>
<!-- Generated by org.testng.reporters.JUnitXMLReporter -->
<testsuite hostname="YSR" ignored="0" name="Test6" tests="4" failures="0" timestamp="22 Jul 2018 07:25:12 GMT" time="16.181" errors="0">
  <testcase name="launch" time="11.513" classname="dady.NewTest1"/>
  <testcase name="validate" time="0.035" classname="dady.NewTest1"/>
  <testcase name="login" time="2.422" classname="dady.NewTest1"/>
  <testcase name="login1" time="2.19" classname="dady.NewTest1"/>
</testsuite> <!-- Test6 -->
