<?xml version="1.0" encoding="UTF-8"?>
<!-- Generated by org.testng.reporters.JUnitXMLReporter -->
<testsuite hostname="YSR" ignored="0" name="Test1" tests="4" failures="0" timestamp="22 Jul 2018 07:23:50 GMT" time="35.666" errors="0">
  <testcase name="launch" time="18.301" classname="dady.NewTest1"/>
  <testcase name="validate" time="0.035" classname="dady.NewTest1"/>
  <testcase name="login" time="16.876" classname="dady.NewTest1"/>
  <testcase name="login1" time="0.351" classname="dady.NewTest1"/>
</testsuite> <!-- Test1 -->
