<?xml version="1.0" encoding="UTF-8"?>
<!-- Generated by org.testng.reporters.JUnitXMLReporter -->
<testsuite hostname="YSR" ignored="0" name="Test4" tests="4" failures="0" timestamp="22 Jul 2018 07:24:41 GMT" time="17.093" errors="0">
  <testcase name="launch" time="10.338" classname="dady.NewTest1"/>
  <testcase name="validate" time="0.032" classname="dady.NewTest1"/>
  <testcase name="login" time="4.502" classname="dady.NewTest1"/>
  <testcase name="login1" time="2.196" classname="dady.NewTest1"/>
</testsuite> <!-- Test4 -->
