<?xml version="1.0" encoding="UTF-8"?>
<!-- Generated by org.testng.reporters.JUnitXMLReporter -->
<testsuite hostname="YSR" ignored="0" name="Test" tests="4" failures="0" timestamp="22 Jul 2018 05:26:58 GMT" time="34.322" errors="0">
  <testcase name="launch" time="15.117" classname="dady.NewTest1"/>
  <testcase name="validate" time="5.164" classname="dady.NewTest1"/>
  <testcase name="login" time="13.682" classname="dady.NewTest1"/>
  <testcase name="login1" time="0.249" classname="dady.NewTest1"/>
</testsuite> <!-- Test -->
